<?xml version="1.0" encoding="UTF-8"?>
<robot generator="Robot 7.0 (Python 3.12.0 on win32)" generated="2024-06-09T02:58:58.414321" rpa="false" schemaversion="5">
<suite id="s1" name="Suites">
<suite id="s1-s1" name="DBTest" source="C:\Users\HP\PycharmProjects\pyRobotFrmwProject\TestCases\DBTest.robot">
<kw name="Connect To Database" owner="DatabaseLibrary" type="SETUP">
<msg time="2024-06-09T02:58:58.650621" level="INFO">Connecting using : pymysql.connect(db=mydatabase-dev, user=root, passwd=***, host=127.0.0.1, port=3306, charset=None)</msg>
<msg time="2024-06-09T02:58:58.694584" level="FAIL">OperationalError: (1045, "Access denied for user 'root'@'localhost' (using password: YES)")</msg>
<arg>pymysql</arg>
<arg>${DBName}</arg>
<arg>${DBUser}</arg>
<arg>${DBPass}</arg>
<arg>${DBHost}</arg>
<arg>${DBPort}</arg>
<doc>Loads the DB API 2.0 module given ``dbapiModuleName`` then uses it to
connect to the database using provided parameters such as ``dbName``, ``dbUsername``, and ``dbPassword``.</doc>
<status status="FAIL" start="2024-06-09T02:58:58.606006" elapsed="0.090581">OperationalError: (1045, "Access denied for user 'root'@'localhost' (using password: YES)")</status>
</kw>
<test id="s1-s1-t1" name="Create Person table" line="17">
<status status="FAIL" start="2024-06-09T02:58:58.696587" elapsed="0.001000">Parent suite setup failed:
OperationalError: (1045, "Access denied for user 'root'@'localhost' (using password: YES)")</status>
</test>
<test id="s1-s1-t2" name="Insert Data into Person table" line="22">
<status status="FAIL" start="2024-06-09T02:58:58.697587" elapsed="0.000000">Parent suite setup failed:
OperationalError: (1045, "Access denied for user 'root'@'localhost' (using password: YES)")</status>
</test>
<test id="s1-s1-t3" name="Insert Data from SQL file into Person table" line="27">
<status status="FAIL" start="2024-06-09T02:58:58.697587" elapsed="0.000999">Parent suite setup failed:
OperationalError: (1045, "Access denied for user 'root'@'localhost' (using password: YES)")</status>
</test>
<test id="s1-s1-t4" name="Check David record present in Person table" line="32">
<status status="FAIL" start="2024-06-09T02:58:58.698586" elapsed="0.000000">Parent suite setup failed:
OperationalError: (1045, "Access denied for user 'root'@'localhost' (using password: YES)")</status>
</test>
<test id="s1-s1-t5" name="Check Jio record Not present in Person table" line="35">
<status status="FAIL" start="2024-06-09T02:58:58.698586" elapsed="0.000000">Parent suite setup failed:
OperationalError: (1045, "Access denied for user 'root'@'localhost' (using password: YES)")</status>
</test>
<test id="s1-s1-t6" name="Check Person table present in database" line="38">
<status status="FAIL" start="2024-06-09T02:58:58.698586" elapsed="0.001000">Parent suite setup failed:
OperationalError: (1045, "Access denied for user 'root'@'localhost' (using password: YES)")</status>
</test>
<test id="s1-s1-t7" name="Verify Row count is zero" line="41">
<status status="FAIL" start="2024-06-09T02:58:58.699586" elapsed="0.000000">Parent suite setup failed:
OperationalError: (1045, "Access denied for user 'root'@'localhost' (using password: YES)")</status>
</test>
<test id="s1-s1-t8" name="Verify Row count is equal to some value" line="44">
<status status="FAIL" start="2024-06-09T02:58:58.699586" elapsed="0.000000">Parent suite setup failed:
OperationalError: (1045, "Access denied for user 'root'@'localhost' (using password: YES)")</status>
</test>
<test id="s1-s1-t9" name="Verify Row count is less than some value" line="47">
<status status="FAIL" start="2024-06-09T02:58:58.699586" elapsed="0.001000">Parent suite setup failed:
OperationalError: (1045, "Access denied for user 'root'@'localhost' (using password: YES)")</status>
</test>
<test id="s1-s1-t10" name="Update record in Person table" line="50">
<status status="FAIL" start="2024-06-09T02:58:58.700586" elapsed="0.000000">Parent suite setup failed:
OperationalError: (1045, "Access denied for user 'root'@'localhost' (using password: YES)")</status>
</test>
<test id="s1-s1-t11" name="Retrieve records from Person table" line="55">
<status status="FAIL" start="2024-06-09T02:58:58.700586" elapsed="0.000000">Parent suite setup failed:
OperationalError: (1045, "Access denied for user 'root'@'localhost' (using password: YES)")</status>
</test>
<test id="s1-s1-t12" name="Delete records from Person table" line="59">
<status status="FAIL" start="2024-06-09T02:58:58.700586" elapsed="0.000000">Parent suite setup failed:
OperationalError: (1045, "Access denied for user 'root'@'localhost' (using password: YES)")</status>
</test>
<kw name="Disconnect From Database" owner="DatabaseLibrary" type="TEARDOWN">
<msg time="2024-06-09T02:58:58.701586" level="INFO">Executing : Disconnect From Database</msg>
<msg time="2024-06-09T02:58:58.701586" level="INFO">No open database connection to close</msg>
<doc>Disconnects from the database.</doc>
<status status="PASS" start="2024-06-09T02:58:58.701586" elapsed="0.000000"/>
</kw>
<status status="FAIL" start="2024-06-09T02:58:58.435313" elapsed="0.266273">Suite setup failed:
OperationalError: (1045, "Access denied for user 'root'@'localhost' (using password: YES)")</status>
</suite>
<status status="FAIL" start="2024-06-09T02:58:58.424325" elapsed="0.278261"/>
</suite>
<statistics>
<total>
<stat pass="0" fail="12" skip="0">All Tests</stat>
</total>
<tag>
</tag>
<suite>
<stat pass="0" fail="12" skip="0" id="s1" name="Suites">Suites</stat>
<stat pass="0" fail="12" skip="0" id="s1-s1" name="DBTest">Suites.DBTest</stat>
</suite>
</statistics>
<errors>
</errors>
</robot>
