<?xml version="1.0" encoding="UTF-8"?>
<robot generator="Robot 7.0 (Python 3.12.0 on win32)" generated="2024-06-09T04:11:38.179758" rpa="false" schemaversion="5">
<suite id="s1" name="Suites">
<suite id="s1-s1" name="Dropdowns" source="C:\Users\HP\PycharmProjects\pyRobotFrmwProject\TestCases\Dropdowns.robot">
<test id="s1-s1-t1" name="Hadling Dropdowns and Lists" line="9">
<kw name="Open Browser" owner="SeleniumLibrary">
<msg time="2024-06-09T04:11:38.394712" level="INFO">Opening browser 'headlesschrome' to base url 'https://demo.nopcommerce.com/'.</msg>
<arg>${url}</arg>
<arg>${browser}</arg>
<doc>Opens a new browser instance to the optional ``url``.</doc>
<status status="PASS" start="2024-06-09T04:11:38.394712" elapsed="3.419372"/>
</kw>
<kw name="Maximize Browser Window" owner="SeleniumLibrary">
<doc>Maximizes current browser window.</doc>
<status status="PASS" start="2024-06-09T04:11:41.814084" elapsed="0.021046"/>
</kw>
<kw name="Set Selenium Speed" owner="SeleniumLibrary">
<arg>1second</arg>
<doc>Sets the delay that is waited after each Selenium command.</doc>
<status status="PASS" start="2024-06-09T04:11:41.835130" elapsed="0.002511"/>
</kw>
<kw name="Click Link" owner="SeleniumLibrary">
<msg time="2024-06-09T04:11:41.838646" level="INFO">Clicking link 'xpath://a[@class='ico-register']'.</msg>
<arg>xpath://a[@class='ico-register']</arg>
<doc>Clicks a link identified by ``locator``.</doc>
<status status="PASS" start="2024-06-09T04:11:41.838646" elapsed="4.468886"/>
</kw>
<kw name="Select From List By Label" owner="SeleniumLibrary">
<msg time="2024-06-09T04:11:46.308038" level="INFO">Selecting options from selection list 'DateOfBirthDay' by label 10.</msg>
<arg>DateOfBirthDay</arg>
<arg>10</arg>
<doc>Selects options from selection list ``locator`` by ``labels``.</doc>
<status status="PASS" start="2024-06-09T04:11:46.308038" elapsed="7.216664"/>
</kw>
<kw name="Select From List By Index" owner="SeleniumLibrary">
<msg time="2024-06-09T04:11:53.525966" level="INFO">Selecting options from selection list 'DateOfBirthDay' by index 1.</msg>
<arg>DateOfBirthDay</arg>
<arg>1</arg>
<doc>Selects options from selection list ``locator`` by ``indexes``.</doc>
<status status="PASS" start="2024-06-09T04:11:53.524702" elapsed="9.214078"/>
</kw>
<kw name="Select From List By Value" owner="SeleniumLibrary">
<msg time="2024-06-09T04:12:02.739324" level="INFO">Selecting options from selection list 'DateOfBirthDay' by value 5.</msg>
<arg>DateOfBirthDay</arg>
<arg>5</arg>
<doc>Selects options from selection list ``locator`` by ``values``.</doc>
<status status="PASS" start="2024-06-09T04:12:02.739324" elapsed="7.161528"/>
</kw>
<status status="PASS" start="2024-06-09T04:11:38.393711" elapsed="31.507141"/>
</test>
<status status="PASS" start="2024-06-09T04:11:38.208664" elapsed="31.693751"/>
</suite>
<status status="PASS" start="2024-06-09T04:11:38.190947" elapsed="31.712466"/>
</suite>
<statistics>
<total>
<stat pass="1" fail="0" skip="0">All Tests</stat>
</total>
<tag>
</tag>
<suite>
<stat pass="1" fail="0" skip="0" id="s1" name="Suites">Suites</stat>
<stat pass="1" fail="0" skip="0" id="s1-s1" name="Dropdowns">Suites.Dropdowns</stat>
</suite>
</statistics>
<errors>
</errors>
</robot>
