<?xml version="1.0" encoding="UTF-8"?>
<robot generator="Rebot 7.0 (Python 3.12.0 on win32)" generated="2024-06-09T04:12:12.447674" rpa="false" schemaversion="5">
<suite id="s1" name="Suites">
<suite id="s1-s1" name="DBTest" source="C:\Users\HP\PycharmProjects\pyRobotFrmwProject\TestCases\DBTest.robot">
<kw name="Connect To Database" type="SETUP">
<msg time="2024-06-09T04:11:38.470811" level="FAIL">No keyword with name 'Connect To Database' found.</msg>
<arg>pymysql</arg>
<arg>${DBName}</arg>
<arg>${DBUser}</arg>
<arg>${DBPass}</arg>
<arg>${DBHost}</arg>
<arg>${DBPort}</arg>
<status status="FAIL" start="2024-06-09T04:11:38.470811" elapsed="0.000000">No keyword with name 'Connect To Database' found.</status>
</kw>
<test id="s1-s1-t1" name="Create Person table" line="17">
<status status="FAIL" start="2024-06-09T04:11:38.472266" elapsed="0.000000">Parent suite setup failed:
No keyword with name 'Connect To Database' found.

Also parent suite teardown failed:
No keyword with name 'Disconnect From Database' found.</status>
</test>
<test id="s1-s1-t2" name="Insert Data into Person table" line="22">
<status status="FAIL" start="2024-06-09T04:11:38.473699" elapsed="0.000000">Parent suite setup failed:
No keyword with name 'Connect To Database' found.

Also parent suite teardown failed:
No keyword with name 'Disconnect From Database' found.</status>
</test>
<test id="s1-s1-t3" name="Insert Data from SQL file into Person table" line="27">
<status status="FAIL" start="2024-06-09T04:11:38.473699" elapsed="0.001007">Parent suite setup failed:
No keyword with name 'Connect To Database' found.

Also parent suite teardown failed:
No keyword with name 'Disconnect From Database' found.</status>
</test>
<test id="s1-s1-t4" name="Check David record present in Person table" line="32">
<status status="FAIL" start="2024-06-09T04:11:38.474706" elapsed="0.000000">Parent suite setup failed:
No keyword with name 'Connect To Database' found.

Also parent suite teardown failed:
No keyword with name 'Disconnect From Database' found.</status>
</test>
<test id="s1-s1-t5" name="Check Jio record Not present in Person table" line="35">
<status status="FAIL" start="2024-06-09T04:11:38.474706" elapsed="0.001178">Parent suite setup failed:
No keyword with name 'Connect To Database' found.

Also parent suite teardown failed:
No keyword with name 'Disconnect From Database' found.</status>
</test>
<test id="s1-s1-t6" name="Check Person table present in database" line="38">
<status status="FAIL" start="2024-06-09T04:11:38.475884" elapsed="0.000000">Parent suite setup failed:
No keyword with name 'Connect To Database' found.

Also parent suite teardown failed:
No keyword with name 'Disconnect From Database' found.</status>
</test>
<test id="s1-s1-t7" name="Verify Row count is zero" line="41">
<status status="FAIL" start="2024-06-09T04:11:38.475884" elapsed="0.001008">Parent suite setup failed:
No keyword with name 'Connect To Database' found.

Also parent suite teardown failed:
No keyword with name 'Disconnect From Database' found.</status>
</test>
<test id="s1-s1-t8" name="Verify Row count is equal to some value" line="44">
<status status="FAIL" start="2024-06-09T04:11:38.476892" elapsed="0.000000">Parent suite setup failed:
No keyword with name 'Connect To Database' found.

Also parent suite teardown failed:
No keyword with name 'Disconnect From Database' found.</status>
</test>
<test id="s1-s1-t9" name="Verify Row count is less than some value" line="47">
<status status="FAIL" start="2024-06-09T04:11:38.477942" elapsed="0.000000">Parent suite setup failed:
No keyword with name 'Connect To Database' found.

Also parent suite teardown failed:
No keyword with name 'Disconnect From Database' found.</status>
</test>
<test id="s1-s1-t10" name="Update record in Person table" line="50">
<status status="FAIL" start="2024-06-09T04:11:38.477942" elapsed="0.001005">Parent suite setup failed:
No keyword with name 'Connect To Database' found.

Also parent suite teardown failed:
No keyword with name 'Disconnect From Database' found.</status>
</test>
<test id="s1-s1-t11" name="Retrieve records from Person table" line="55">
<status status="FAIL" start="2024-06-09T04:11:38.478947" elapsed="0.000000">Parent suite setup failed:
No keyword with name 'Connect To Database' found.

Also parent suite teardown failed:
No keyword with name 'Disconnect From Database' found.</status>
</test>
<test id="s1-s1-t12" name="Delete records from Person table" line="59">
<status status="FAIL" start="2024-06-09T04:11:38.479946" elapsed="0.000000">Parent suite setup failed:
No keyword with name 'Connect To Database' found.

Also parent suite teardown failed:
No keyword with name 'Disconnect From Database' found.</status>
</test>
<kw name="Disconnect From Database" type="TEARDOWN">
<msg time="2024-06-09T04:11:38.484454" level="FAIL">No keyword with name 'Disconnect From Database' found.</msg>
<status status="FAIL" start="2024-06-09T04:11:38.482946" elapsed="0.001508">No keyword with name 'Disconnect From Database' found.</status>
</kw>
<status status="FAIL" start="2024-06-09T04:11:38.257000" elapsed="0.227418">Suite setup failed:
No keyword with name 'Connect To Database' found.

Also suite teardown failed:
No keyword with name 'Disconnect From Database' found.</status>
</suite>
<suite id="s1-s2" name="DDT" source="C:\Users\HP\PycharmProjects\pyRobotFrmwProject\TestCases\DDT.robot">
<kw name="Open the Browser" owner="login_resources" type="SETUP">
<kw name="Open Browser" owner="SeleniumLibrary">
<msg time="2024-06-09T04:11:38.392711" level="INFO">Opening browser 'chrome' to base url 'https://admin-demo.nopcommerce.com/'.</msg>
<arg>${login_url}</arg>
<arg>${browser}</arg>
<doc>Opens a new browser instance to the optional ``url``.</doc>
<status status="PASS" start="2024-06-09T04:11:38.392711" elapsed="3.914204"/>
</kw>
<kw name="Maximize Browser Window" owner="SeleniumLibrary">
<doc>Maximizes current browser window.</doc>
<status status="PASS" start="2024-06-09T04:11:42.307920" elapsed="0.104762"/>
</kw>
<status status="PASS" start="2024-06-09T04:11:38.392711" elapsed="4.020478"/>
</kw>
<test id="s1-s2-t1" name="Correct user empty pass" line="9">
<kw name="Invalid Login">
<kw name="Input Username" owner="login_resources">
<kw name="Input Text" owner="SeleniumLibrary">
<msg time="2024-06-09T04:11:42.417064" level="INFO">Typing text 'admin@yourstore.com' into text field 'id:Email'.</msg>
<arg>id:Email</arg>
<arg>${username}</arg>
<doc>Types the given ``text`` into the text field identified by ``locator``.</doc>
<status status="PASS" start="2024-06-09T04:11:42.415758" elapsed="0.199522"/>
</kw>
<arg>${username}</arg>
<status status="PASS" start="2024-06-09T04:11:42.415758" elapsed="0.199522"/>
</kw>
<kw name="Input Password" owner="login_resources">
<kw name="Input Text" owner="SeleniumLibrary">
<msg time="2024-06-09T04:11:42.616476" level="INFO">Typing text '' into text field 'id:Password'.</msg>
<arg>id:Password</arg>
<arg>${password}</arg>
<doc>Types the given ``text`` into the text field identified by ``locator``.</doc>
<status status="PASS" start="2024-06-09T04:11:42.616476" elapsed="0.074008"/>
</kw>
<arg>${password}</arg>
<status status="PASS" start="2024-06-09T04:11:42.615280" elapsed="0.075204"/>
</kw>
<kw name="Click Login Button" owner="login_resources">
<kw name="Click Element" owner="SeleniumLibrary">
<msg time="2024-06-09T04:11:42.691001" level="INFO">Clicking element 'xpath://button[contains(text(),'Log in')]'.</msg>
<arg>xpath://button[contains(text(),'Log in')]</arg>
<doc>Click the element identified by ``locator``.</doc>
<status status="PASS" start="2024-06-09T04:11:42.691001" elapsed="0.522037"/>
</kw>
<status status="PASS" start="2024-06-09T04:11:42.691001" elapsed="0.522037"/>
</kw>
<kw name="Error message should be visible" owner="login_resources">
<kw name="Page Should Contain" owner="SeleniumLibrary">
<msg time="2024-06-09T04:11:43.260008" level="INFO">Current page contains text 'Login was unsuccessful'.</msg>
<arg>Login was unsuccessful</arg>
<doc>Verifies that current page contains ``text``.</doc>
<status status="PASS" start="2024-06-09T04:11:43.214041" elapsed="0.045967"/>
</kw>
<status status="PASS" start="2024-06-09T04:11:43.213038" elapsed="0.046970"/>
</kw>
<arg>admin@yourstore.com</arg>
<arg>${EMPTY}</arg>
<status status="PASS" start="2024-06-09T04:11:42.414193" elapsed="0.845815"/>
</kw>
<status status="PASS" start="2024-06-09T04:11:42.413189" elapsed="0.848147"/>
</test>
<test id="s1-s2-t2" name="Correct user wrong pass" line="10">
<kw name="Invalid Login">
<kw name="Input Username" owner="login_resources">
<kw name="Input Text" owner="SeleniumLibrary">
<msg time="2024-06-09T04:11:43.264828" level="INFO">Typing text 'admin@yourstore.com' into text field 'id:Email'.</msg>
<arg>id:Email</arg>
<arg>${username}</arg>
<doc>Types the given ``text`` into the text field identified by ``locator``.</doc>
<status status="PASS" start="2024-06-09T04:11:43.263372" elapsed="0.127216"/>
</kw>
<arg>${username}</arg>
<status status="PASS" start="2024-06-09T04:11:43.263372" elapsed="0.127216"/>
</kw>
<kw name="Input Password" owner="login_resources">
<kw name="Input Text" owner="SeleniumLibrary">
<msg time="2024-06-09T04:11:43.393699" level="INFO">Typing text 'xyz' into text field 'id:Password'.</msg>
<arg>id:Password</arg>
<arg>${password}</arg>
<doc>Types the given ``text`` into the text field identified by ``locator``.</doc>
<status status="PASS" start="2024-06-09T04:11:43.393192" elapsed="0.094476"/>
</kw>
<arg>${password}</arg>
<status status="PASS" start="2024-06-09T04:11:43.392048" elapsed="0.096627"/>
</kw>
<kw name="Click Login Button" owner="login_resources">
<kw name="Click Element" owner="SeleniumLibrary">
<msg time="2024-06-09T04:11:43.488675" level="INFO">Clicking element 'xpath://button[contains(text(),'Log in')]'.</msg>
<arg>xpath://button[contains(text(),'Log in')]</arg>
<doc>Click the element identified by ``locator``.</doc>
<status status="PASS" start="2024-06-09T04:11:43.488675" elapsed="0.426801"/>
</kw>
<status status="PASS" start="2024-06-09T04:11:43.488675" elapsed="0.426801"/>
</kw>
<kw name="Error message should be visible" owner="login_resources">
<kw name="Page Should Contain" owner="SeleniumLibrary">
<msg time="2024-06-09T04:11:44.002497" level="INFO">Current page contains text 'Login was unsuccessful'.</msg>
<arg>Login was unsuccessful</arg>
<doc>Verifies that current page contains ``text``.</doc>
<status status="PASS" start="2024-06-09T04:11:43.917794" elapsed="0.084703"/>
</kw>
<status status="PASS" start="2024-06-09T04:11:43.916766" elapsed="0.085731"/>
</kw>
<arg>admin@yourstore.com</arg>
<arg>xyz</arg>
<status status="PASS" start="2024-06-09T04:11:43.262369" elapsed="0.740128"/>
</kw>
<status status="PASS" start="2024-06-09T04:11:43.261336" elapsed="0.742160"/>
</test>
<test id="s1-s2-t3" name="Wrong user correct pass" line="11">
<kw name="Invalid Login">
<kw name="Input Username" owner="login_resources">
<kw name="Input Text" owner="SeleniumLibrary">
<msg time="2024-06-09T04:11:44.009945" level="INFO">Typing text 'admin1@yourstore.com' into text field 'id:Email'.</msg>
<arg>id:Email</arg>
<arg>${username}</arg>
<doc>Types the given ``text`` into the text field identified by ``locator``.</doc>
<status status="PASS" start="2024-06-09T04:11:44.009439" elapsed="0.107802"/>
</kw>
<arg>${username}</arg>
<status status="PASS" start="2024-06-09T04:11:44.008052" elapsed="0.109189"/>
</kw>
<kw name="Input Password" owner="login_resources">
<kw name="Input Text" owner="SeleniumLibrary">
<msg time="2024-06-09T04:11:44.119253" level="INFO">Typing text 'admin' into text field 'id:Password'.</msg>
<arg>id:Password</arg>
<arg>${password}</arg>
<doc>Types the given ``text`` into the text field identified by ``locator``.</doc>
<status status="PASS" start="2024-06-09T04:11:44.118247" elapsed="0.091374"/>
</kw>
<arg>${password}</arg>
<status status="PASS" start="2024-06-09T04:11:44.118247" elapsed="0.091374"/>
</kw>
<kw name="Click Login Button" owner="login_resources">
<kw name="Click Element" owner="SeleniumLibrary">
<msg time="2024-06-09T04:11:44.210641" level="INFO">Clicking element 'xpath://button[contains(text(),'Log in')]'.</msg>
<arg>xpath://button[contains(text(),'Log in')]</arg>
<doc>Click the element identified by ``locator``.</doc>
<status status="PASS" start="2024-06-09T04:11:44.210641" elapsed="0.455655"/>
</kw>
<status status="PASS" start="2024-06-09T04:11:44.209621" elapsed="0.457682"/>
</kw>
<kw name="Error message should be visible" owner="login_resources">
<kw name="Page Should Contain" owner="SeleniumLibrary">
<msg time="2024-06-09T04:11:44.697816" level="INFO">Current page contains text 'Login was unsuccessful'.</msg>
<arg>Login was unsuccessful</arg>
<doc>Verifies that current page contains ``text``.</doc>
<status status="PASS" start="2024-06-09T04:11:44.668302" elapsed="0.029514"/>
</kw>
<status status="PASS" start="2024-06-09T04:11:44.667303" elapsed="0.030513"/>
</kw>
<arg>admin1@yourstore.com</arg>
<arg>admin</arg>
<status status="PASS" start="2024-06-09T04:11:44.005559" elapsed="0.692257"/>
</kw>
<status status="PASS" start="2024-06-09T04:11:44.003496" elapsed="0.694320"/>
</test>
<test id="s1-s2-t4" name="Wrong user empty pass" line="12">
<kw name="Invalid Login">
<kw name="Input Username" owner="login_resources">
<kw name="Input Text" owner="SeleniumLibrary">
<msg time="2024-06-09T04:11:44.704149" level="INFO">Typing text 'admin1@yourstore.com' into text field 'id:Email'.</msg>
<arg>id:Email</arg>
<arg>${username}</arg>
<doc>Types the given ``text`` into the text field identified by ``locator``.</doc>
<status status="PASS" start="2024-06-09T04:11:44.703130" elapsed="0.104027"/>
</kw>
<arg>${username}</arg>
<status status="PASS" start="2024-06-09T04:11:44.702105" elapsed="0.105052"/>
</kw>
<kw name="Input Password" owner="login_resources">
<kw name="Input Text" owner="SeleniumLibrary">
<msg time="2024-06-09T04:11:44.808351" level="INFO">Typing text '' into text field 'id:Password'.</msg>
<arg>id:Password</arg>
<arg>${password}</arg>
<doc>Types the given ``text`` into the text field identified by ``locator``.</doc>
<status status="PASS" start="2024-06-09T04:11:44.807157" elapsed="0.093117"/>
</kw>
<arg>${password}</arg>
<status status="PASS" start="2024-06-09T04:11:44.807157" elapsed="0.093117"/>
</kw>
<kw name="Click Login Button" owner="login_resources">
<kw name="Click Element" owner="SeleniumLibrary">
<msg time="2024-06-09T04:11:44.901274" level="INFO">Clicking element 'xpath://button[contains(text(),'Log in')]'.</msg>
<arg>xpath://button[contains(text(),'Log in')]</arg>
<doc>Click the element identified by ``locator``.</doc>
<status status="PASS" start="2024-06-09T04:11:44.901274" elapsed="0.429818"/>
</kw>
<status status="PASS" start="2024-06-09T04:11:44.900274" elapsed="0.430818"/>
</kw>
<kw name="Error message should be visible" owner="login_resources">
<kw name="Page Should Contain" owner="SeleniumLibrary">
<msg time="2024-06-09T04:11:45.371754" level="INFO">Current page contains text 'Login was unsuccessful'.</msg>
<arg>Login was unsuccessful</arg>
<doc>Verifies that current page contains ``text``.</doc>
<status status="PASS" start="2024-06-09T04:11:45.332098" elapsed="0.039656"/>
</kw>
<status status="PASS" start="2024-06-09T04:11:45.331092" elapsed="0.040662"/>
</kw>
<arg>admin1@yourstore.com</arg>
<arg>${EMPTY}</arg>
<status status="PASS" start="2024-06-09T04:11:44.700048" elapsed="0.672713"/>
</kw>
<status status="PASS" start="2024-06-09T04:11:44.699038" elapsed="0.673723"/>
</test>
<test id="s1-s2-t5" name="Wrong user wrong pass" line="13">
<kw name="Invalid Login">
<kw name="Input Username" owner="login_resources">
<kw name="Input Text" owner="SeleniumLibrary">
<msg time="2024-06-09T04:11:45.375782" level="INFO">Typing text 'admin1@yourstore.com' into text field 'id:Email'.</msg>
<arg>id:Email</arg>
<arg>${username}</arg>
<doc>Types the given ``text`` into the text field identified by ``locator``.</doc>
<status status="PASS" start="2024-06-09T04:11:45.374777" elapsed="0.215164"/>
</kw>
<arg>${username}</arg>
<status status="PASS" start="2024-06-09T04:11:45.374777" elapsed="0.215164"/>
</kw>
<kw name="Input Password" owner="login_resources">
<kw name="Input Text" owner="SeleniumLibrary">
<msg time="2024-06-09T04:11:45.593077" level="INFO">Typing text 'xyz' into text field 'id:Password'.</msg>
<arg>id:Password</arg>
<arg>${password}</arg>
<doc>Types the given ``text`` into the text field identified by ``locator``.</doc>
<status status="PASS" start="2024-06-09T04:11:45.593077" elapsed="0.084144"/>
</kw>
<arg>${password}</arg>
<status status="PASS" start="2024-06-09T04:11:45.591074" elapsed="0.086147"/>
</kw>
<kw name="Click Login Button" owner="login_resources">
<kw name="Click Element" owner="SeleniumLibrary">
<msg time="2024-06-09T04:11:45.679261" level="INFO">Clicking element 'xpath://button[contains(text(),'Log in')]'.</msg>
<arg>xpath://button[contains(text(),'Log in')]</arg>
<doc>Click the element identified by ``locator``.</doc>
<status status="PASS" start="2024-06-09T04:11:45.678240" elapsed="0.458063"/>
</kw>
<status status="PASS" start="2024-06-09T04:11:45.678240" elapsed="0.459102"/>
</kw>
<kw name="Error message should be visible" owner="login_resources">
<kw name="Page Should Contain" owner="SeleniumLibrary">
<msg time="2024-06-09T04:11:46.176422" level="INFO">Current page contains text 'Login was unsuccessful'.</msg>
<arg>Login was unsuccessful</arg>
<doc>Verifies that current page contains ``text``.</doc>
<status status="PASS" start="2024-06-09T04:11:46.137342" elapsed="0.039080"/>
</kw>
<status status="PASS" start="2024-06-09T04:11:46.137342" elapsed="0.039080"/>
</kw>
<arg>admin1@yourstore.com</arg>
<arg>xyz</arg>
<status status="PASS" start="2024-06-09T04:11:45.373767" elapsed="0.802655"/>
</kw>
<status status="PASS" start="2024-06-09T04:11:45.373767" elapsed="0.802655"/>
</test>
<kw name="Close Browsers" owner="login_resources" type="TEARDOWN">
<kw name="Close All Browsers" owner="SeleniumLibrary">
<doc>Closes all open browsers and resets the browser cache.</doc>
<status status="PASS" start="2024-06-09T04:11:46.178966" elapsed="6.301559"/>
</kw>
<status status="PASS" start="2024-06-09T04:11:46.178966" elapsed="6.301559"/>
</kw>
<status status="PASS" start="2024-06-09T04:11:38.215494" elapsed="14.266082"/>
</suite>
<suite id="s1-s3" name="DDT Excel" source="C:\Users\HP\PycharmProjects\pyRobotFrmwProject\TestCases\DDT_Excel.robot">
<kw name="Open the Browser" owner="login_resources" type="SETUP">
<kw name="Open Browser" owner="SeleniumLibrary">
<msg time="2024-06-09T04:11:39.157101" level="INFO">Opening browser 'chrome' to base url 'https://admin-demo.nopcommerce.com/'.</msg>
<arg>${login_url}</arg>
<arg>${browser}</arg>
<doc>Opens a new browser instance to the optional ``url``.</doc>
<status status="PASS" start="2024-06-09T04:11:39.157101" elapsed="3.767180"/>
</kw>
<kw name="Maximize Browser Window" owner="SeleniumLibrary">
<doc>Maximizes current browser window.</doc>
<status status="PASS" start="2024-06-09T04:11:42.925772" elapsed="0.071368"/>
</kw>
<status status="PASS" start="2024-06-09T04:11:39.157101" elapsed="3.840039"/>
</kw>
<test id="s1-s3-t1" name="LoginTestExcel using admin@yourstore.com adm" line="10">
<kw name="Invalid Login">
<kw name="Input Username" owner="login_resources">
<kw name="Input Text" owner="SeleniumLibrary">
<msg time="2024-06-09T04:11:43.001597" level="INFO">Typing text 'admin@yourstore.com' into text field 'id:Email'.</msg>
<arg>id:Email</arg>
<arg>${username}</arg>
<doc>Types the given ``text`` into the text field identified by ``locator``.</doc>
<status status="PASS" start="2024-06-09T04:11:43.001597" elapsed="0.298906"/>
</kw>
<arg>${username}</arg>
<status status="PASS" start="2024-06-09T04:11:43.000379" elapsed="0.300124"/>
</kw>
<kw name="Input Password" owner="login_resources">
<kw name="Input Text" owner="SeleniumLibrary">
<msg time="2024-06-09T04:11:43.301564" level="INFO">Typing text 'adm' into text field 'id:Password'.</msg>
<arg>id:Password</arg>
<arg>${password}</arg>
<doc>Types the given ``text`` into the text field identified by ``locator``.</doc>
<status status="PASS" start="2024-06-09T04:11:43.301564" elapsed="0.178400"/>
</kw>
<arg>${password}</arg>
<status status="PASS" start="2024-06-09T04:11:43.300503" elapsed="0.180601"/>
</kw>
<kw name="Click Login Button" owner="login_resources">
<kw name="Click Element" owner="SeleniumLibrary">
<msg time="2024-06-09T04:11:43.482187" level="INFO">Clicking element 'xpath://button[contains(text(),'Log in')]'.</msg>
<arg>xpath://button[contains(text(),'Log in')]</arg>
<doc>Click the element identified by ``locator``.</doc>
<status status="PASS" start="2024-06-09T04:11:43.481104" elapsed="0.537250"/>
</kw>
<status status="PASS" start="2024-06-09T04:11:43.481104" elapsed="0.538665"/>
</kw>
<kw name="Error message should be visible" owner="login_resources">
<kw name="Page Should Contain" owner="SeleniumLibrary">
<msg time="2024-06-09T04:11:44.049903" level="INFO">Current page contains text 'Login was unsuccessful'.</msg>
<arg>Login was unsuccessful</arg>
<doc>Verifies that current page contains ``text``.</doc>
<status status="PASS" start="2024-06-09T04:11:44.021930" elapsed="0.027973"/>
</kw>
<status status="PASS" start="2024-06-09T04:11:44.019769" elapsed="0.030134"/>
</kw>
<arg>username=admin@yourstore.com</arg>
<arg>password=adm</arg>
<status status="PASS" start="2024-06-09T04:11:42.999376" elapsed="1.050527"/>
</kw>
<status status="PASS" start="2024-06-09T04:11:42.997140" elapsed="1.052763"/>
</test>
<test id="s1-s3-t2" name="LoginTestExcel using admin1@yourstore.com admin" line="10">
<kw name="Invalid Login">
<kw name="Input Username" owner="login_resources">
<kw name="Input Text" owner="SeleniumLibrary">
<msg time="2024-06-09T04:11:44.054082" level="INFO">Typing text 'admin1@yourstore.com' into text field 'id:Email'.</msg>
<arg>id:Email</arg>
<arg>${username}</arg>
<doc>Types the given ``text`` into the text field identified by ``locator``.</doc>
<status status="PASS" start="2024-06-09T04:11:44.053078" elapsed="0.126185"/>
</kw>
<arg>${username}</arg>
<status status="PASS" start="2024-06-09T04:11:44.053078" elapsed="0.126185"/>
</kw>
<kw name="Input Password" owner="login_resources">
<kw name="Input Text" owner="SeleniumLibrary">
<msg time="2024-06-09T04:11:44.180478" level="INFO">Typing text 'admin' into text field 'id:Password'.</msg>
<arg>id:Password</arg>
<arg>${password}</arg>
<doc>Types the given ``text`` into the text field identified by ``locator``.</doc>
<status status="PASS" start="2024-06-09T04:11:44.180478" elapsed="0.087024"/>
</kw>
<arg>${password}</arg>
<status status="PASS" start="2024-06-09T04:11:44.179263" elapsed="0.088239"/>
</kw>
<kw name="Click Login Button" owner="login_resources">
<kw name="Click Element" owner="SeleniumLibrary">
<msg time="2024-06-09T04:11:44.267502" level="INFO">Clicking element 'xpath://button[contains(text(),'Log in')]'.</msg>
<arg>xpath://button[contains(text(),'Log in')]</arg>
<doc>Click the element identified by ``locator``.</doc>
<status status="PASS" start="2024-06-09T04:11:44.267502" elapsed="0.432546"/>
</kw>
<status status="PASS" start="2024-06-09T04:11:44.267502" elapsed="0.432546"/>
</kw>
<kw name="Error message should be visible" owner="login_resources">
<kw name="Page Should Contain" owner="SeleniumLibrary">
<msg time="2024-06-09T04:11:44.730474" level="INFO">Current page contains text 'Login was unsuccessful'.</msg>
<arg>Login was unsuccessful</arg>
<doc>Verifies that current page contains ``text``.</doc>
<status status="PASS" start="2024-06-09T04:11:44.702105" elapsed="0.028369"/>
</kw>
<status status="PASS" start="2024-06-09T04:11:44.701084" elapsed="0.029390"/>
</kw>
<arg>username=admin1@yourstore.com</arg>
<arg>password=admin</arg>
<status status="PASS" start="2024-06-09T04:11:44.052075" elapsed="0.678905"/>
</kw>
<status status="PASS" start="2024-06-09T04:11:44.050918" elapsed="0.680062"/>
</test>
<test id="s1-s3-t3" name="LoginTestExcel using admin1@yourstore.com adm" line="10">
<kw name="Invalid Login">
<kw name="Input Username" owner="login_resources">
<kw name="Input Text" owner="SeleniumLibrary">
<msg time="2024-06-09T04:11:44.736486" level="INFO">Typing text 'admin1@yourstore.com' into text field 'id:Email'.</msg>
<arg>id:Email</arg>
<arg>${username}</arg>
<doc>Types the given ``text`` into the text field identified by ``locator``.</doc>
<status status="PASS" start="2024-06-09T04:11:44.736486" elapsed="0.128955"/>
</kw>
<arg>${username}</arg>
<status status="PASS" start="2024-06-09T04:11:44.735453" elapsed="0.131134"/>
</kw>
<kw name="Input Password" owner="login_resources">
<kw name="Input Text" owner="SeleniumLibrary">
<msg time="2024-06-09T04:11:44.868638" level="INFO">Typing text 'adm' into text field 'id:Password'.</msg>
<arg>id:Password</arg>
<arg>${password}</arg>
<doc>Types the given ``text`` into the text field identified by ``locator``.</doc>
<status status="PASS" start="2024-06-09T04:11:44.867640" elapsed="0.084297"/>
</kw>
<arg>${password}</arg>
<status status="PASS" start="2024-06-09T04:11:44.866587" elapsed="0.085350"/>
</kw>
<kw name="Click Login Button" owner="login_resources">
<kw name="Click Element" owner="SeleniumLibrary">
<msg time="2024-06-09T04:11:44.955329" level="INFO">Clicking element 'xpath://button[contains(text(),'Log in')]'.</msg>
<arg>xpath://button[contains(text(),'Log in')]</arg>
<doc>Click the element identified by ``locator``.</doc>
<status status="PASS" start="2024-06-09T04:11:44.954322" elapsed="0.375421"/>
</kw>
<status status="PASS" start="2024-06-09T04:11:44.952942" elapsed="0.376801"/>
</kw>
<kw name="Error message should be visible" owner="login_resources">
<kw name="Page Should Contain" owner="SeleniumLibrary">
<msg time="2024-06-09T04:11:45.386344" level="INFO">Current page contains text 'Login was unsuccessful'.</msg>
<arg>Login was unsuccessful</arg>
<doc>Verifies that current page contains ``text``.</doc>
<status status="PASS" start="2024-06-09T04:11:45.331092" elapsed="0.056551"/>
</kw>
<status status="PASS" start="2024-06-09T04:11:45.329743" elapsed="0.057900"/>
</kw>
<arg>username=admin1@yourstore.com</arg>
<arg>password=adm</arg>
<status status="PASS" start="2024-06-09T04:11:44.734329" elapsed="0.653314"/>
</kw>
<status status="PASS" start="2024-06-09T04:11:44.732001" elapsed="0.655642"/>
</test>
<kw name="Close Browsers" owner="login_resources" type="TEARDOWN">
<kw name="Close All Browsers" owner="SeleniumLibrary">
<doc>Closes all open browsers and resets the browser cache.</doc>
<status status="PASS" start="2024-06-09T04:11:45.389659" elapsed="6.340452"/>
</kw>
<status status="PASS" start="2024-06-09T04:11:45.388651" elapsed="6.341460"/>
</kw>
<status status="PASS" start="2024-06-09T04:11:38.213987" elapsed="13.517215"/>
</suite>
<suite id="s1-s4" name="Dropdowns" source="C:\Users\HP\PycharmProjects\pyRobotFrmwProject\TestCases\Dropdowns.robot">
<test id="s1-s4-t1" name="Hadling Dropdowns and Lists" line="9">
<kw name="Open Browser" owner="SeleniumLibrary">
<msg time="2024-06-09T04:11:38.394712" level="INFO">Opening browser 'headlesschrome' to base url 'https://demo.nopcommerce.com/'.</msg>
<arg>${url}</arg>
<arg>${browser}</arg>
<doc>Opens a new browser instance to the optional ``url``.</doc>
<status status="PASS" start="2024-06-09T04:11:38.394712" elapsed="3.419372"/>
</kw>
<kw name="Maximize Browser Window" owner="SeleniumLibrary">
<doc>Maximizes current browser window.</doc>
<status status="PASS" start="2024-06-09T04:11:41.814084" elapsed="0.021046"/>
</kw>
<kw name="Set Selenium Speed" owner="SeleniumLibrary">
<arg>1second</arg>
<doc>Sets the delay that is waited after each Selenium command.</doc>
<status status="PASS" start="2024-06-09T04:11:41.835130" elapsed="0.002511"/>
</kw>
<kw name="Click Link" owner="SeleniumLibrary">
<msg time="2024-06-09T04:11:41.838646" level="INFO">Clicking link 'xpath://a[@class='ico-register']'.</msg>
<arg>xpath://a[@class='ico-register']</arg>
<doc>Clicks a link identified by ``locator``.</doc>
<status status="PASS" start="2024-06-09T04:11:41.838646" elapsed="4.468886"/>
</kw>
<kw name="Select From List By Label" owner="SeleniumLibrary">
<msg time="2024-06-09T04:11:46.308038" level="INFO">Selecting options from selection list 'DateOfBirthDay' by label 10.</msg>
<arg>DateOfBirthDay</arg>
<arg>10</arg>
<doc>Selects options from selection list ``locator`` by ``labels``.</doc>
<status status="PASS" start="2024-06-09T04:11:46.308038" elapsed="7.216664"/>
</kw>
<kw name="Select From List By Index" owner="SeleniumLibrary">
<msg time="2024-06-09T04:11:53.525966" level="INFO">Selecting options from selection list 'DateOfBirthDay' by index 1.</msg>
<arg>DateOfBirthDay</arg>
<arg>1</arg>
<doc>Selects options from selection list ``locator`` by ``indexes``.</doc>
<status status="PASS" start="2024-06-09T04:11:53.524702" elapsed="9.214078"/>
</kw>
<kw name="Select From List By Value" owner="SeleniumLibrary">
<msg time="2024-06-09T04:12:02.739324" level="INFO">Selecting options from selection list 'DateOfBirthDay' by value 5.</msg>
<arg>DateOfBirthDay</arg>
<arg>5</arg>
<doc>Selects options from selection list ``locator`` by ``values``.</doc>
<status status="PASS" start="2024-06-09T04:12:02.739324" elapsed="7.161528"/>
</kw>
<status status="PASS" start="2024-06-09T04:11:38.393711" elapsed="31.507141"/>
</test>
<status status="PASS" start="2024-06-09T04:11:38.208664" elapsed="31.693751"/>
</suite>
<doc>[https://pabot.org/?ref=log|Pabot] result from 4 executions.</doc>
<status status="FAIL" start="2024-06-09T04:11:38.190000" elapsed="0.246835"/>
</suite>
<statistics>
<total>
<stat pass="9" fail="12" skip="0">All Tests</stat>
</total>
<tag>
</tag>
<suite>
<stat pass="9" fail="12" skip="0" id="s1" name="Suites">Suites</stat>
<stat pass="0" fail="12" skip="0" id="s1-s1" name="DBTest">Suites.DBTest</stat>
<stat pass="5" fail="0" skip="0" id="s1-s2" name="DDT">Suites.DDT</stat>
<stat pass="3" fail="0" skip="0" id="s1-s3" name="DDT Excel">Suites.DDT Excel</stat>
<stat pass="1" fail="0" skip="0" id="s1-s4" name="Dropdowns">Suites.Dropdowns</stat>
</suite>
</statistics>
<errors>
<msg time="2024-06-09T04:11:38.458508" level="ERROR">Error in file 'C:\Users\HP\PycharmProjects\pyRobotFrmwProject\TestCases\DBTest.robot' on line 3: Importing library 'DatabaseLibrary' failed: ModuleNotFoundError: No module named 'DatabaseLibrary'
Traceback (most recent call last):
  None
PYTHONPATH:
  C:\Users\HP\AppData\Local\Programs\Python\Python312\Scripts\robot.exe
  C:\Users\HP\AppData\Local\Programs\Python\Python312\python312.zip
  C:\Users\HP\AppData\Local\Programs\Python\Python312\DLLs
  C:\Users\HP\AppData\Local\Programs\Python\Python312\Lib
  C:\Users\HP\AppData\Local\Programs\Python\Python312
  C:\Users\HP\AppData\Local\Programs\Python\Python312\Lib\site-packages</msg>
</errors>
</robot>
